OpenJDK 64-Bit Server VM warning: ignoring option PermSize=16M; support was removed in 8.0
OpenJDK 64-Bit Server VM warning: ignoring option MaxPermSize=128M; support was removed in 8.0
Please wait while JBoss Fuse is loading...
ERROR: Error parsing system bundle export statement: org.osgi.framework.startlevel;uses:="org.osgi.framework";version="1.0", org.osgi.framework.wiring;uses:="org.osgi.resource,org.osgi.framework";version="1.1", org.osgi.framework.hooks.bundle;uses:="org.osgi.framework";version="1.1", org.osgi.framework.hooks.service;uses:="org.osgi.framework";version="1.1", org.osgi.framework.hooks.resolver;uses:="org.osgi.framework.wiring";version="1.0", org.osgi.framework.launch;uses:="org.osgi.framework";version="1.1", org.osgi.framework.namespace;uses:="org.osgi.resource";version="1.0", org.osgi.framework;version="1.7",org.osgi.framework.hooks.weaving;uses:="org.osgi.framework.wiring";version="1.0",org.osgi.resource;version="1.0",org.osgi.service.url;version="1.0",org.osgi.service.startlevel;uses:="org.osgi.framework";version="1.1",org.osgi.service.packageadmin;uses:="org.osgi.framework";version="1.2",org.osgi.service.url;version="1.0", org.osgi.util.tracker;uses:="org.osgi.framework";version="1.5.1", org.apache.felix.framework.monitor;version="1.0", org.apache.karaf.jaas.boot;version="2.3.0.redhat-60024", org.apache.karaf.jaas.boot.principal;version="2.3.0.redhat-60024", org.apache.karaf.version;version="2.3.0.redhat-60024", org.apache.xalan.extensions; version="2.7.1", org.apache.xalan.xsltc.compiler; version="2.7.1", org.apache.xalan.xsltc.cmdline.getopt; version="2.7.1", org.apache.xalan.xsltc.util; version="2.7.1", org.apache.xalan.transformer; version="2.7.1", org.apache.xalan.xsltc.trax; version="2.7.1", org.apache.xalan.processor; version="2.7.1", org.apache.xalan.lib; version="2.7.1", org.apache.xalan.trace; version="2.7.1", org.apache.xalan.xsltc.compiler.util; version="2.7.1", org.apache.xalan.templates; version="2.7.1", org.apache.xalan.xsltc; version="2.7.1", org.apache.xalan.xsltc.runtime; version="2.7.1", org.apache.xalan; version="2.7.1", org.apache.xalan.xslt; version="2.7.1", org.apache.xalan.lib.sql; version="2.7.1", org.apache.xalan.xsltc.runtime.output; version="2.7.1", org.apache.xalan.xsltc.dom; version="2.7.1", org.apache.xalan.client; version="2.7.1", org.apache.xalan.xsltc.cmdline; version="2.7.1", org.apache.xalan.serialize; version="2.7.1", org.apache.xalan.res; version="2.7.1", org.apache.xml.dtm.ref; version="2.7.1", org.apache.xml.dtm; version="2.7.1", org.apache.xml.dtm.ref.sax2dtm; version="2.7.1", org.apache.xml.dtm.ref.dom2dtm; version="2.7.1", org.apache.xml.res; version="2.7.1", org.apache.xml.serializer.dom3; version="2.7.1", org.apache.xml.serializer; version="2.7.1", org.apache.xml.serializer.utils; version="2.7.1", org.apache.xml.utils.res; version="2.7.1", org.apache.xml.utils; version="2.7.1", org.apache.xpath.functions; version="2.7.1", org.apache.xpath.jaxp; version="2.7.1", org.apache.xpath.patterns; version="2.7.1", org.apache.xpath.objects; version="2.7.1", org.apache.xpath.res; version="2.7.1", org.apache.xpath; version="2.7.1", org.apache.xpath.axes; version="2.7.1", org.apache.xpath.compiler; version="2.7.1", org.apache.xpath.operations; version="2.7.1", org.apache.xpath.domapi; version="2.7.1", org.apache.html.dom; version="2.11.0", org.apache.wml.dom; version="2.11.0", org.apache.wml; version="2.11.0", org.apache.xerces.parsers; version="2.11.0", org.apache.xerces.impl.dtd.models; version="2.11.0", org.apache.xerces.xni.parser; version="2.11.0", org.apache.xerces.impl.dv.xs; version="2.11.0", org.apache.xerces.impl.xs.traversers; version="2.11.0", org.apache.xerces.util; version="2.11.0", org.apache.xerces.impl.dtd; version="2.11.0", org.apache.xerces.jaxp.validation; version="2.11.0", org.apache.xerces.dom3.as; version="2.11.0", org.apache.xerces.impl.dv; version="2.11.0", org.apache.xerces.jaxp; version="2.11.0", org.apache.xerces.jaxp.datatype; version="2.11.0", org.apache.xerces.impl.xpath.regex; version="2.11.0", org.apache.xerces.xni; version="2.11.0", org.apache.xerces.impl.msg; version="2.11.0", org.apache.xerces.impl.dv.util; version="2.11.0", org.apache.xerces.impl.xs.util; version="2.11.0", org.apache.xerces.dom; version="2.11.0", org.apache.xerces.dom.events; version="2.11.0", org.apache.xerces.impl.xs.opti; version="2.11.0", org.apache.xerces.impl; version="2.11.0", org.apache.xerces.xs; version="2.11.0", org.apache.xerces.impl.io; version="2.11.0", org.apache.xerces.xpointer; version="2.11.0", org.apache.xerces.impl.dv.dtd; version="2.11.0", org.apache.xerces.xinclude; version="2.11.0", org.apache.xerces.impl.xpath; version="2.11.0", org.apache.xerces.xs.datatypes; version="2.11.0", org.apache.xerces.impl.xs.identity; version="2.11.0", org.apache.xerces.impl.xs.models; version="2.11.0", org.apache.xerces.xni.grammars; version="2.11.0", org.apache.xerces.impl.xs; version="2.11.0", org.apache.xerces.impl.validation; version="2.11.0", org.apache.xml.serialize; version="2.11.0", ,org.apache.karaf.branding (org.osgi.framework.BundleException: Exported package names cannot be zero length.)
org.osgi.framework.BundleException: Exported package names cannot be zero length.
	at org.apache.felix.framework.util.manifestparser.ManifestParser.normalizeExportClauses(ManifestParser.java:744)
	at org.apache.felix.framework.util.manifestparser.ManifestParser.<init>(ManifestParser.java:191)
	at org.apache.felix.framework.ExtensionManager.<init>(ExtensionManager.java:221)
	at org.apache.felix.framework.Felix.<init>(Felix.java:398)
	at org.apache.felix.framework.FrameworkFactory.newFramework(FrameworkFactory.java:28)
	at org.apache.karaf.main.Main.launch(Main.java:296)
	at org.apache.karaf.main.Main.main(Main.java:509)
ERROR: Bundle org.ops4j.pax.url.mvn [1] Error starting mvn:org.ops4j.pax.url/pax-url-mvn/1.3.6 (org.osgi.framework.BundleException: Unresolved constraint in bundle org.ops4j.pax.url.mvn [1]: Unable to resolve 1.0: missing requirement [1.0] osgi.wiring.package; (osgi.wiring.package=javax.net.ssl))
org.osgi.framework.BundleException: Unresolved constraint in bundle org.ops4j.pax.url.mvn [1]: Unable to resolve 1.0: missing requirement [1.0] osgi.wiring.package; (osgi.wiring.package=javax.net.ssl)
	at org.apache.felix.framework.Felix.resolveBundleRevision(Felix.java:4155)
	at org.apache.felix.framework.Felix.startBundle(Felix.java:2055)
	at org.apache.felix.framework.Felix.setActiveStartLevel(Felix.java:1309)
	at org.apache.felix.framework.FrameworkStartLevelImpl.run(FrameworkStartLevelImpl.java:304)
	at java.lang.Thread.run(Thread.java:745)
ERROR: Bundle org.ops4j.pax.url.wrap [2] Error starting mvn:org.ops4j.pax.url/pax-url-wrap/1.3.6 (org.osgi.framework.BundleException: Unresolved constraint in bundle org.ops4j.pax.url.wrap [2]: Unable to resolve 2.0: missing requirement [2.0] osgi.wiring.package; (osgi.wiring.package=javax.net.ssl))
org.osgi.framework.BundleException: Unresolved constraint in bundle org.ops4j.pax.url.wrap [2]: Unable to resolve 2.0: missing requirement [2.0] osgi.wiring.package; (osgi.wiring.package=javax.net.ssl)
	at org.apache.felix.framework.Felix.resolveBundleRevision(Felix.java:4155)
	at org.apache.felix.framework.Felix.startBundle(Felix.java:2055)
	at org.apache.felix.framework.Felix.setActiveStartLevel(Felix.java:1309)
	at org.apache.felix.framework.FrameworkStartLevelImpl.run(FrameworkStartLevelImpl.java:304)
	at java.lang.Thread.run(Thread.java:745)
ERROR: Bundle org.ops4j.pax.logging.pax-logging-service [3] Error starting mvn:org.ops4j.pax.logging/pax-logging-service/1.7.0 (org.osgi.framework.BundleException: Unresolved constraint in bundle org.ops4j.pax.logging.pax-logging-service [3]: Unable to resolve 3.0: missing requirement [3.0] osgi.wiring.package; (osgi.wiring.package=javax.xml.parsers))
org.osgi.framework.BundleException: Unresolved constraint in bundle org.ops4j.pax.logging.pax-logging-service [3]: Unable to resolve 3.0: missing requirement [3.0] osgi.wiring.package; (osgi.wiring.package=javax.xml.parsers)
	at org.apache.felix.framework.Felix.resolveBundleRevision(Felix.java:4155)
	at org.apache.felix.framework.Felix.startBundle(Felix.java:2055)
	at org.apache.felix.framework.Felix.setActiveStartLevel(Felix.java:1309)
	at org.apache.felix.framework.FrameworkStartLevelImpl.run(FrameworkStartLevelImpl.java:304)
	at java.lang.Thread.run(Thread.java:745)
ERROR: Bundle org.ops4j.pax.logging.pax-logging-api [4] Error starting mvn:org.ops4j.pax.logging/pax-logging-api/1.7.0 (org.osgi.framework.BundleException: Unresolved constraint in bundle org.ops4j.pax.logging.pax-logging-api [4]: Unable to resolve 4.0: missing requirement [4.0] osgi.wiring.package; (osgi.wiring.package=javax.xml.parsers))
org.osgi.framework.BundleException: Unresolved constraint in bundle org.ops4j.pax.logging.pax-logging-api [4]: Unable to resolve 4.0: missing requirement [4.0] osgi.wiring.package; (osgi.wiring.package=javax.xml.parsers)
	at org.apache.felix.framework.Felix.resolveBundleRevision(Felix.java:4155)
	at org.apache.felix.framework.Felix.startBundle(Felix.java:2055)
	at org.apache.felix.framework.Felix.setActiveStartLevel(Felix.java:1309)
	at org.apache.felix.framework.FrameworkStartLevelImpl.run(FrameworkStartLevelImpl.java:304)
	at java.lang.Thread.run(Thread.java:745)
ERROR: Bundle org.apache.felix.configadmin [5] Error starting mvn:org.apache.felix/org.apache.felix.configadmin/1.4.0.redhat-60024 (org.osgi.framework.BundleException: Unresolved constraint in bundle org.apache.felix.configadmin [5]: Unable to resolve 5.0: missing requirement [5.0] osgi.wiring.package; (osgi.wiring.package=javax.security.auth))
org.osgi.framework.BundleException: Unresolved constraint in bundle org.apache.felix.configadmin [5]: Unable to resolve 5.0: missing requirement [5.0] osgi.wiring.package; (osgi.wiring.package=javax.security.auth)
	at org.apache.felix.framework.Felix.resolveBundleRevision(Felix.java:4155)
	at org.apache.felix.framework.Felix.startBundle(Felix.java:2055)
	at org.apache.felix.framework.Felix.setActiveStartLevel(Felix.java:1309)
	at org.apache.felix.framework.FrameworkStartLevelImpl.run(FrameworkStartLevelImpl.java:304)
	at java.lang.Thread.run(Thread.java:745)
ERROR: Bundle org.apache.felix.bundlerepository [6] Error starting mvn:org.apache.felix/org.apache.felix.bundlerepository/1.6.6 (org.osgi.framework.BundleException: Unresolved constraint in bundle org.apache.felix.bundlerepository [6]: Unable to resolve 6.0: missing requirement [6.0] osgi.wiring.package; (&(osgi.wiring.package=org.osgi.framework)(version>=1.4.0)(!(version>=2.0.0))))
org.osgi.framework.BundleException: Unresolved constraint in bundle org.apache.felix.bundlerepository [6]: Unable to resolve 6.0: missing requirement [6.0] osgi.wiring.package; (&(osgi.wiring.package=org.osgi.framework)(version>=1.4.0)(!(version>=2.0.0)))
	at org.apache.felix.framework.Felix.resolveBundleRevision(Felix.java:4155)
	at org.apache.felix.framework.Felix.startBundle(Felix.java:2055)
	at org.apache.felix.framework.Felix.setActiveStartLevel(Felix.java:1309)
	at org.apache.felix.framework.FrameworkStartLevelImpl.run(FrameworkStartLevelImpl.java:304)
	at java.lang.Thread.run(Thread.java:745)
ERROR: Bundle org.apache.felix.fileinstall [7] Error starting mvn:org.apache.felix/org.apache.felix.fileinstall/3.3.11.redhat-60024 (org.osgi.framework.BundleException: Unresolved constraint in bundle org.apache.felix.fileinstall [7]: Unable to resolve 7.0: missing requirement [7.0] osgi.wiring.package; (&(osgi.wiring.package=org.osgi.framework)(version>=1.4.0)(!(version>=2.0.0))))
org.osgi.framework.BundleException: Unresolved constraint in bundle org.apache.felix.fileinstall [7]: Unable to resolve 7.0: missing requirement [7.0] osgi.wiring.package; (&(osgi.wiring.package=org.osgi.framework)(version>=1.4.0)(!(version>=2.0.0)))
	at org.apache.felix.framework.Felix.resolveBundleRevision(Felix.java:4155)
	at org.apache.felix.framework.Felix.startBundle(Felix.java:2055)
	at org.apache.felix.framework.Felix.setActiveStartLevel(Felix.java:1309)
	at org.apache.felix.framework.FrameworkStartLevelImpl.run(FrameworkStartLevelImpl.java:304)
	at java.lang.Thread.run(Thread.java:745)
ERROR: Bundle org.apache.aries.proxy.impl [8] Error starting mvn:org.apache.aries.proxy/org.apache.aries.proxy.impl/1.0.1.redhat-60024 (org.osgi.framework.BundleException: Unresolved constraint in bundle org.apache.aries.proxy.impl [8]: Unable to resolve 8.0: missing requirement [8.0] osgi.wiring.package; (&(osgi.wiring.package=org.apache.aries.proxy)(version>=1.0.0)(!(version>=1.1.0))) [caused by: Unable to resolve 12.0: missing requirement [12.0] osgi.wiring.package; (&(osgi.wiring.package=org.apache.aries.util.nls)(version>=1.0.0)(!(version>=2.0.0))) [caused by: Unable to resolve 13.0: missing requirement [13.0] osgi.wiring.package; (&(osgi.wiring.package=org.osgi.framework)(version>=1.5.0)(!(version>=2.0.0)))]])
org.osgi.framework.BundleException: Unresolved constraint in bundle org.apache.aries.proxy.impl [8]: Unable to resolve 8.0: missing requirement [8.0] osgi.wiring.package; (&(osgi.wiring.package=org.apache.aries.proxy)(version>=1.0.0)(!(version>=1.1.0))) [caused by: Unable to resolve 12.0: missing requirement [12.0] osgi.wiring.package; (&(osgi.wiring.package=org.apache.aries.util.nls)(version>=1.0.0)(!(version>=2.0.0))) [caused by: Unable to resolve 13.0: missing requirement [13.0] osgi.wiring.package; (&(osgi.wiring.package=org.osgi.framework)(version>=1.5.0)(!(version>=2.0.0)))]]
	at org.apache.felix.framework.Felix.resolveBundleRevision(Felix.java:4155)
	at org.apache.felix.framework.Felix.startBundle(Felix.java:2055)
	at org.apache.felix.framework.Felix.setActiveStartLevel(Felix.java:1309)
	at org.apache.felix.framework.FrameworkStartLevelImpl.run(FrameworkStartLevelImpl.java:304)
	at java.lang.Thread.run(Thread.java:745)
ERROR: Bundle org.apache.aries.blueprint.api [9] Error starting mvn:org.apache.aries.blueprint/org.apache.aries.blueprint.api/1.0.1.redhat-60024 (org.osgi.framework.BundleException: Unresolved constraint in bundle org.apache.aries.blueprint.api [9]: Unable to resolve 9.0: missing requirement [9.0] osgi.wiring.package; (&(osgi.wiring.package=org.osgi.framework)(version>=1.5.0)(!(version>=2.0.0))))
org.osgi.framework.BundleException: Unresolved constraint in bundle org.apache.aries.blueprint.api [9]: Unable to resolve 9.0: missing requirement [9.0] osgi.wiring.package; (&(osgi.wiring.package=org.osgi.framework)(version>=1.5.0)(!(version>=2.0.0)))
	at org.apache.felix.framework.Felix.resolveBundleRevision(Felix.java:4155)
	at org.apache.felix.framework.Felix.startBundle(Felix.java:2055)
	at org.apache.felix.framework.Felix.setActiveStartLevel(Felix.java:1309)
	at org.apache.felix.framework.FrameworkStartLevelImpl.run(FrameworkStartLevelImpl.java:304)
	at java.lang.Thread.run(Thread.java:745)
  1% [>                                                                       ]  3% [==>                                                                     ]ERROR: Bundle org.apache.aries.blueprint.cm [11] Error starting mvn:org.apache.aries.blueprint/org.apache.aries.blueprint.cm/1.0.1.redhat-60024 (org.osgi.framework.BundleException: Unresolved constraint in bundle org.apache.aries.blueprint.cm [11]: Unable to resolve 11.0: missing requirement [11.0] osgi.wiring.package; (&(osgi.wiring.package=org.apache.aries.blueprint)(version>=1.0.0)(!(version>=1.1.0))) [caused by: Unable to resolve 14.0: missing requirement [14.0] osgi.wiring.package; (osgi.wiring.package=javax.xml.namespace)])
org.osgi.framework.BundleException: Unresolved constraint in bundle org.apache.aries.blueprint.cm [11]: Unable to resolve 11.0: missing requirement [11.0] osgi.wiring.package; (&(osgi.wiring.package=org.apache.aries.blueprint)(version>=1.0.0)(!(version>=1.1.0))) [caused by: Unable to resolve 14.0: missing requirement [14.0] osgi.wiring.package; (osgi.wiring.package=javax.xml.namespace)]
	at org.apache.felix.framework.Felix.resolveBundleRevision(Felix.java:4155)
	at org.apache.felix.framework.Felix.startBundle(Felix.java:2055)
	at org.apache.felix.framework.Felix.setActiveStartLevel(Felix.java:1309)
	at org.apache.felix.framework.FrameworkStartLevelImpl.run(FrameworkStartLevelImpl.java:304)
	at java.lang.Thread.run(Thread.java:745)
ERROR: Bundle org.apache.aries.proxy.api [12] Error starting mvn:org.apache.aries.proxy/org.apache.aries.proxy.api/1.0.1.redhat-60024 (org.osgi.framework.BundleException: Unresolved constraint in bundle org.apache.aries.proxy.api [12]: Unable to resolve 12.0: missing requirement [12.0] osgi.wiring.package; (&(osgi.wiring.package=org.apache.aries.util.nls)(version>=1.0.0)(!(version>=2.0.0))) [caused by: Unable to resolve 13.0: missing requirement [13.0] osgi.wiring.package; (&(osgi.wiring.package=org.osgi.framework)(version>=1.5.0)(!(version>=2.0.0)))])
org.osgi.framework.BundleException: Unresolved constraint in bundle org.apache.aries.proxy.api [12]: Unable to resolve 12.0: missing requirement [12.0] osgi.wiring.package; (&(osgi.wiring.package=org.apache.aries.util.nls)(version>=1.0.0)(!(version>=2.0.0))) [caused by: Unable to resolve 13.0: missing requirement [13.0] osgi.wiring.package; (&(osgi.wiring.package=org.osgi.framework)(version>=1.5.0)(!(version>=2.0.0)))]
	at org.apache.felix.framework.Felix.resolveBundleRevision(Felix.java:4155)
	at org.apache.felix.framework.Felix.startBundle(Felix.java:2055)
	at org.apache.felix.framework.Felix.setActiveStartLevel(Felix.java:1309)
	at org.apache.felix.framework.FrameworkStartLevelImpl.run(FrameworkStartLevelImpl.java:304)
	at java.lang.Thread.run(Thread.java:745)
ERROR: Bundle org.apache.aries.util [13] Error starting mvn:org.apache.aries/org.apache.aries.util/1.0.1.redhat-60024 (org.osgi.framework.BundleException: Unresolved constraint in bundle org.apache.aries.util [13]: Unable to resolve 13.0: missing requirement [13.0] osgi.wiring.package; (&(osgi.wiring.package=org.osgi.framework)(version>=1.5.0)(!(version>=2.0.0))))
org.osgi.framework.BundleException: Unresolved constraint in bundle org.apache.aries.util [13]: Unable to resolve 13.0: missing requirement [13.0] osgi.wiring.package; (&(osgi.wiring.package=org.osgi.framework)(version>=1.5.0)(!(version>=2.0.0)))
	at org.apache.felix.framework.Felix.resolveBundleRevision(Felix.java:4155)
	at org.apache.felix.framework.Felix.startBundle(Felix.java:2055)
	at org.apache.felix.framework.Felix.setActiveStartLevel(Felix.java:1309)
	at org.apache.felix.framework.FrameworkStartLevelImpl.run(FrameworkStartLevelImpl.java:304)
	at java.lang.Thread.run(Thread.java:745)
ERROR: Bundle org.apache.aries.blueprint.core [14] Error starting mvn:org.apache.aries.blueprint/org.apache.aries.blueprint.core/1.0.1.redhat-60024 (org.osgi.framework.BundleException: Unresolved constraint in bundle org.apache.aries.blueprint.core [14]: Unable to resolve 14.0: missing requirement [14.0] osgi.wiring.package; (osgi.wiring.package=javax.xml.namespace))
org.osgi.framework.BundleException: Unresolved constraint in bundle org.apache.aries.blueprint.core [14]: Unable to resolve 14.0: missing requirement [14.0] osgi.wiring.package; (osgi.wiring.package=javax.xml.namespace)
	at org.apache.felix.framework.Felix.resolveBundleRevision(Felix.java:4155)
	at org.apache.felix.framework.Felix.startBundle(Felix.java:2055)
	at org.apache.felix.framework.Felix.setActiveStartLevel(Felix.java:1309)
	at org.apache.felix.framework.FrameworkStartLevelImpl.run(FrameworkStartLevelImpl.java:304)
	at java.lang.Thread.run(Thread.java:745)
ERROR: Bundle org.apache.karaf.shell.console [15] Error starting mvn:org.apache.karaf.shell/org.apache.karaf.shell.console/2.3.0.redhat-60024 (org.osgi.framework.BundleException: Unresolved constraint in bundle org.apache.karaf.shell.console [15]: Unable to resolve 15.0: missing requirement [15.0] osgi.wiring.package; (osgi.wiring.package=javax.security.auth))
org.osgi.framework.BundleException: Unresolved constraint in bundle org.apache.karaf.shell.console [15]: Unable to resolve 15.0: missing requirement [15.0] osgi.wiring.package; (osgi.wiring.package=javax.security.auth)
	at org.apache.felix.framework.Felix.resolveBundleRevision(Felix.java:4155)
	at org.apache.felix.framework.Felix.startBundle(Felix.java:2055)
	at org.apache.felix.framework.Felix.setActiveStartLevel(Felix.java:1309)
	at org.apache.felix.framework.FrameworkStartLevelImpl.run(FrameworkStartLevelImpl.java:304)
	at java.lang.Thread.run(Thread.java:745)
ERROR: Bundle org.apache.karaf.features.obr [16] Error starting mvn:org.apache.karaf.features/org.apache.karaf.features.obr/2.3.0.redhat-60024 (org.osgi.framework.BundleException: Unresolved constraint in bundle org.apache.karaf.features.obr [16]: Unable to resolve 16.0: missing requirement [16.0] osgi.wiring.package; (&(osgi.wiring.package=org.apache.felix.bundlerepository)(version>=2.0.0)(!(version>=3.0.0))) [caused by: Unable to resolve 6.0: missing requirement [6.0] osgi.wiring.package; (&(osgi.wiring.package=org.osgi.framework)(version>=1.4.0)(!(version>=2.0.0)))])
org.osgi.framework.BundleException: Unresolved constraint in bundle org.apache.karaf.features.obr [16]: Unable to resolve 16.0: missing requirement [16.0] osgi.wiring.package; (&(osgi.wiring.package=org.apache.felix.bundlerepository)(version>=2.0.0)(!(version>=3.0.0))) [caused by: Unable to resolve 6.0: missing requirement [6.0] osgi.wiring.package; (&(osgi.wiring.package=org.osgi.framework)(version>=1.4.0)(!(version>=2.0.0)))]
	at org.apache.felix.framework.Felix.resolveBundleRevision(Felix.java:4155)
	at org.apache.felix.framework.Felix.startBundle(Felix.java:2055)
	at org.apache.felix.framework.Felix.setActiveStartLevel(Felix.java:1309)
	at org.apache.felix.framework.FrameworkStartLevelImpl.run(FrameworkStartLevelImpl.java:304)
	at java.lang.Thread.run(Thread.java:745)
ERROR: Bundle org.apache.karaf.jaas.config [17] Error starting mvn:org.apache.karaf.jaas/org.apache.karaf.jaas.config/2.3.0.redhat-60024 (org.osgi.framework.BundleException: Unresolved constraint in bundle org.apache.karaf.jaas.config [17]: Unable to resolve 17.0: missing requirement [17.0] osgi.wiring.package; (osgi.wiring.package=javax.net.ssl))
org.osgi.framework.BundleException: Unresolved constraint in bundle org.apache.karaf.jaas.config [17]: Unable to resolve 17.0: missing requirement [17.0] osgi.wiring.package; (osgi.wiring.package=javax.net.ssl)
	at org.apache.felix.framework.Felix.resolveBundleRevision(Felix.java:4155)
	at org.apache.felix.framework.Felix.startBundle(Felix.java:2055)
	at org.apache.felix.framework.Felix.setActiveStartLevel(Felix.java:1309)
	at org.apache.felix.framework.FrameworkStartLevelImpl.run(FrameworkStartLevelImpl.java:304)
	at java.lang.Thread.run(Thread.java:745)
ERROR: Bundle org.apache.karaf.deployer.blueprint [18] Error starting mvn:org.apache.karaf.deployer/org.apache.karaf.deployer.blueprint/2.3.0.redhat-60024 (org.osgi.framework.BundleException: Unresolved constraint in bundle org.apache.karaf.deployer.blueprint [18]: Unable to resolve 18.0: missing requirement [18.0] osgi.wiring.package; (osgi.wiring.package=javax.xml.parsers))
org.osgi.framework.BundleException: Unresolved constraint in bundle org.apache.karaf.deployer.blueprint [18]: Unable to resolve 18.0: missing requirement [18.0] osgi.wiring.package; (osgi.wiring.package=javax.xml.parsers)
	at org.apache.felix.framework.Felix.resolveBundleRevision(Felix.java:4155)
	at org.apache.felix.framework.Felix.startBundle(Felix.java:2055)
	at org.apache.felix.framework.Felix.setActiveStartLevel(Felix.java:1309)
	at org.apache.felix.framework.FrameworkStartLevelImpl.run(FrameworkStartLevelImpl.java:304)
	at java.lang.Thread.run(Thread.java:745)
ERROR: Bundle org.apache.karaf.deployer.spring [19] Error starting mvn:org.apache.karaf.deployer/org.apache.karaf.deployer.spring/2.3.0.redhat-60024 (org.osgi.framework.BundleException: Unresolved constraint in bundle org.apache.karaf.deployer.spring [19]: Unable to resolve 19.0: missing requirement [19.0] osgi.wiring.package; (osgi.wiring.package=javax.xml.parsers))
org.osgi.framework.BundleException: Unresolved constraint in bundle org.apache.karaf.deployer.spring [19]: Unable to resolve 19.0: missing requirement [19.0] osgi.wiring.package; (osgi.wiring.package=javax.xml.parsers)
	at org.apache.felix.framework.Felix.resolveBundleRevision(Felix.java:4155)
	at org.apache.felix.framework.Felix.startBundle(Felix.java:2055)
	at org.apache.felix.framework.Felix.setActiveStartLevel(Felix.java:1309)
	at org.apache.felix.framework.FrameworkStartLevelImpl.run(FrameworkStartLevelImpl.java:304)
	at java.lang.Thread.run(Thread.java:745)
ERROR: Bundle org.apache.karaf.management.server [20] Error starting mvn:org.apache.karaf.management/org.apache.karaf.management.server/2.3.0.redhat-60024 (org.osgi.framework.BundleException: Unresolved constraint in bundle org.apache.karaf.management.server [20]: Unable to resolve 20.0: missing requirement [20.0] osgi.wiring.package; (osgi.wiring.package=javax.management))
org.osgi.framework.BundleException: Unresolved constraint in bundle org.apache.karaf.management.server [20]: Unable to resolve 20.0: missing requirement [20.0] osgi.wiring.package; (osgi.wiring.package=javax.management)
	at org.apache.felix.framework.Felix.resolveBundleRevision(Felix.java:4155)
	at org.apache.felix.framework.Felix.startBundle(Felix.java:2055)
	at org.apache.felix.framework.Felix.setActiveStartLevel(Felix.java:1309)
	at org.apache.felix.framework.FrameworkStartLevelImpl.run(FrameworkStartLevelImpl.java:304)
	at java.lang.Thread.run(Thread.java:745)
ERROR: Bundle org.apache.karaf.admin.core [21] Error starting mvn:org.apache.karaf.admin/org.apache.karaf.admin.core/2.3.0.redhat-60024 (org.osgi.framework.BundleException: Unresolved constraint in bundle org.apache.karaf.admin.core [21]: Unable to resolve 21.0: missing requirement [21.0] osgi.wiring.package; (osgi.wiring.package=javax.management))
org.osgi.framework.BundleException: Unresolved constraint in bundle org.apache.karaf.admin.core [21]: Unable to resolve 21.0: missing requirement [21.0] osgi.wiring.package; (osgi.wiring.package=javax.management)
	at org.apache.felix.framework.Felix.resolveBundleRevision(Felix.java:4155)
	at org.apache.felix.framework.Felix.startBundle(Felix.java:2055)
	at org.apache.felix.framework.Felix.setActiveStartLevel(Felix.java:1309)
	at org.apache.felix.framework.FrameworkStartLevelImpl.run(FrameworkStartLevelImpl.java:304)
	at java.lang.Thread.run(Thread.java:745)
ERROR: Bundle org.apache.karaf.features.core [22] Error starting mvn:org.apache.karaf.features/org.apache.karaf.features.core/2.3.0.redhat-60024 (org.osgi.framework.BundleException: Unresolved constraint in bundle org.apache.karaf.features.core [22]: Unable to resolve 22.0: missing requirement [22.0] osgi.wiring.package; (osgi.wiring.package=javax.xml.parsers))
org.osgi.framework.BundleException: Unresolved constraint in bundle org.apache.karaf.features.core [22]: Unable to resolve 22.0: missing requirement [22.0] osgi.wiring.package; (osgi.wiring.package=javax.xml.parsers)
	at org.apache.felix.framework.Felix.resolveBundleRevision(Felix.java:4155)
	at org.apache.felix.framework.Felix.startBundle(Felix.java:2055)
	at org.apache.felix.framework.Felix.setActiveStartLevel(Felix.java:1309)
	at org.apache.felix.framework.FrameworkStartLevelImpl.run(FrameworkStartLevelImpl.java:304)
	at java.lang.Thread.run(Thread.java:745)
ERROR: Bundle org.apache.karaf.deployer.wrap [23] Error starting mvn:org.apache.karaf.deployer/org.apache.karaf.deployer.wrap/2.3.0.redhat-60024 (org.osgi.framework.BundleException: Unresolved constraint in bundle org.apache.karaf.deployer.wrap [23]: Unable to resolve 23.0: missing requirement [23.0] osgi.wiring.package; (&(osgi.wiring.package=org.apache.felix.fileinstall)(version>=3.3.0)(!(version>=4.0.0))) [caused by: Unable to resolve 7.0: missing requirement [7.0] osgi.wiring.package; (&(osgi.wiring.package=org.osgi.framework)(version>=1.4.0)(!(version>=2.0.0)))])
org.osgi.framework.BundleException: Unresolved constraint in bundle org.apache.karaf.deployer.wrap [23]: Unable to resolve 23.0: missing requirement [23.0] osgi.wiring.package; (&(osgi.wiring.package=org.apache.felix.fileinstall)(version>=3.3.0)(!(version>=4.0.0))) [caused by: Unable to resolve 7.0: missing requirement [7.0] osgi.wiring.package; (&(osgi.wiring.package=org.osgi.framework)(version>=1.4.0)(!(version>=2.0.0)))]
	at org.apache.felix.framework.Felix.resolveBundleRevision(Felix.java:4155)
	at org.apache.felix.framework.Felix.startBundle(Felix.java:2055)
	at org.apache.felix.framework.Felix.setActiveStartLevel(Felix.java:1309)
	at org.apache.felix.framework.FrameworkStartLevelImpl.run(FrameworkStartLevelImpl.java:304)
	at java.lang.Thread.run(Thread.java:745)
ERROR: Bundle org.apache.karaf.shell.log [24] Error starting mvn:org.apache.karaf.shell/org.apache.karaf.shell.log/2.3.0.redhat-60024 (org.osgi.framework.BundleException: Unresolved constraint in bundle org.apache.karaf.shell.log [24]: Unable to resolve 24.0: missing requirement [24.0] osgi.wiring.package; (&(osgi.wiring.package=org.apache.felix.gogo.commands)(version>=0.11.0)(!(version>=1.0.0))) [caused by: Unable to resolve 15.0: missing requirement [15.0] osgi.wiring.package; (osgi.wiring.package=javax.security.auth)])
org.osgi.framework.BundleException: Unresolved constraint in bundle org.apache.karaf.shell.log [24]: Unable to resolve 24.0: missing requirement [24.0] osgi.wiring.package; (&(osgi.wiring.package=org.apache.felix.gogo.commands)(version>=0.11.0)(!(version>=1.0.0))) [caused by: Unable to resolve 15.0: missing requirement [15.0] osgi.wiring.package; (osgi.wiring.package=javax.security.auth)]
	at org.apache.felix.framework.Felix.resolveBundleRevision(Felix.java:4155)
	at org.apache.felix.framework.Felix.startBundle(Felix.java:2055)
	at org.apache.felix.framework.Felix.setActiveStartLevel(Felix.java:1309)
	at org.apache.felix.framework.FrameworkStartLevelImpl.run(FrameworkStartLevelImpl.java:304)
	at java.lang.Thread.run(Thread.java:745)
ERROR: Bundle org.apache.karaf.diagnostic.common [25] Error starting mvn:org.apache.karaf.diagnostic/org.apache.karaf.diagnostic.common/2.3.0.redhat-60024 (org.osgi.framework.BundleException: Unresolved constraint in bundle org.apache.karaf.diagnostic.common [25]: Unable to resolve 25.0: missing requirement [25.0] osgi.wiring.package; (&(osgi.wiring.package=org.apache.karaf.features)(version>=2.3.0)(!(version>=3.0.0))) [caused by: Unable to resolve 22.0: missing requirement [22.0] osgi.wiring.package; (osgi.wiring.package=javax.xml.parsers)])
org.osgi.framework.BundleException: Unresolved constraint in bundle org.apache.karaf.diagnostic.common [25]: Unable to resolve 25.0: missing requirement [25.0] osgi.wiring.package; (&(osgi.wiring.package=org.apache.karaf.features)(version>=2.3.0)(!(version>=3.0.0))) [caused by: Unable to resolve 22.0: missing requirement [22.0] osgi.wiring.package; (osgi.wiring.package=javax.xml.parsers)]
	at org.apache.felix.framework.Felix.resolveBundleRevision(Felix.java:4155)
	at org.apache.felix.framework.Felix.startBundle(Felix.java:2055)
	at org.apache.felix.framework.Felix.setActiveStartLevel(Felix.java:1309)
	at org.apache.felix.framework.FrameworkStartLevelImpl.run(FrameworkStartLevelImpl.java:304)
	at java.lang.Thread.run(Thread.java:745)
ERROR: Bundle org.apache.karaf.shell.ssh [26] Error starting mvn:org.apache.karaf.shell/org.apache.karaf.shell.ssh/2.3.0.redhat-60024 (org.osgi.framework.BundleException: Unresolved constraint in bundle org.apache.karaf.shell.ssh [26]: Unable to resolve 26.0: missing requirement [26.0] osgi.wiring.package; (osgi.wiring.package=javax.security.auth))
org.osgi.framework.BundleException: Unresolved constraint in bundle org.apache.karaf.shell.ssh [26]: Unable to resolve 26.0: missing requirement [26.0] osgi.wiring.package; (osgi.wiring.package=javax.security.auth)
	at org.apache.felix.framework.Felix.resolveBundleRevision(Felix.java:4155)
	at org.apache.felix.framework.Felix.startBundle(Felix.java:2055)
	at org.apache.felix.framework.Felix.setActiveStartLevel(Felix.java:1309)
	at org.apache.felix.framework.FrameworkStartLevelImpl.run(FrameworkStartLevelImpl.java:304)
	at java.lang.Thread.run(Thread.java:745)
ERROR: Bundle org.apache.karaf.deployer.kar [27] Error starting mvn:org.apache.karaf.deployer/org.apache.karaf.deployer.kar/2.3.0.redhat-60024 (org.osgi.framework.BundleException: Unresolved constraint in bundle org.apache.karaf.deployer.kar [27]: Unable to resolve 27.0: missing requirement [27.0] osgi.wiring.package; (osgi.wiring.package=javax.xml.parsers))
org.osgi.framework.BundleException: Unresolved constraint in bundle org.apache.karaf.deployer.kar [27]: Unable to resolve 27.0: missing requirement [27.0] osgi.wiring.package; (osgi.wiring.package=javax.xml.parsers)
	at org.apache.felix.framework.Felix.resolveBundleRevision(Felix.java:4155)
	at org.apache.felix.framework.Felix.startBundle(Felix.java:2055)
	at org.apache.felix.framework.Felix.setActiveStartLevel(Felix.java:1309)
	at org.apache.felix.framework.FrameworkStartLevelImpl.run(FrameworkStartLevelImpl.java:304)
	at java.lang.Thread.run(Thread.java:745)
ERROR: Bundle org.apache.karaf.deployer.features [28] Error starting mvn:org.apache.karaf.deployer/org.apache.karaf.deployer.features/2.3.0.redhat-60024 (org.osgi.framework.BundleException: Unresolved constraint in bundle org.apache.karaf.deployer.features [28]: Unable to resolve 28.0: missing requirement [28.0] osgi.wiring.package; (osgi.wiring.package=javax.xml.parsers))
org.osgi.framework.BundleException: Unresolved constraint in bundle org.apache.karaf.deployer.features [28]: Unable to resolve 28.0: missing requirement [28.0] osgi.wiring.package; (osgi.wiring.package=javax.xml.parsers)
	at org.apache.felix.framework.Felix.resolveBundleRevision(Felix.java:4155)
	at org.apache.felix.framework.Felix.startBundle(Felix.java:2055)
	at org.apache.felix.framework.Felix.setActiveStartLevel(Felix.java:1309)
	at org.apache.felix.framework.FrameworkStartLevelImpl.run(FrameworkStartLevelImpl.java:304)
	at java.lang.Thread.run(Thread.java:745)
ERROR: Bundle org.apache.karaf.jaas.modules [29] Error starting mvn:org.apache.karaf.jaas/org.apache.karaf.jaas.modules/2.3.0.redhat-60024 (org.osgi.framework.BundleException: Unresolved constraint in bundle org.apache.karaf.jaas.modules [29]: Unable to resolve 29.0: missing requirement [29.0] osgi.wiring.package; (osgi.wiring.package=javax.naming))
org.osgi.framework.BundleException: Unresolved constraint in bundle org.apache.karaf.jaas.modules [29]: Unable to resolve 29.0: missing requirement [29.0] osgi.wiring.package; (osgi.wiring.package=javax.naming)
	at org.apache.felix.framework.Felix.resolveBundleRevision(Felix.java:4155)
	at org.apache.felix.framework.Felix.startBundle(Felix.java:2055)
	at org.apache.felix.framework.Felix.setActiveStartLevel(Felix.java:1309)
	at org.apache.felix.framework.FrameworkStartLevelImpl.run(FrameworkStartLevelImpl.java:304)
	at java.lang.Thread.run(Thread.java:745)
ERROR: Bundle org.apache.karaf.shell.dev [30] Error starting mvn:org.apache.karaf.shell/org.apache.karaf.shell.dev/2.3.0.redhat-60024 (org.osgi.framework.BundleException: Unresolved constraint in bundle org.apache.karaf.shell.dev [30]: Unable to resolve 30.0: missing requirement [30.0] osgi.wiring.package; (osgi.wiring.package=javax.net.ssl))
org.osgi.framework.BundleException: Unresolved constraint in bundle org.apache.karaf.shell.dev [30]: Unable to resolve 30.0: missing requirement [30.0] osgi.wiring.package; (osgi.wiring.package=javax.net.ssl)
	at org.apache.felix.framework.Felix.resolveBundleRevision(Felix.java:4155)
	at org.apache.felix.framework.Felix.startBundle(Felix.java:2055)
	at org.apache.felix.framework.Felix.setActiveStartLevel(Felix.java:1309)
	at org.apache.felix.framework.FrameworkStartLevelImpl.run(FrameworkStartLevelImpl.java:304)
	at java.lang.Thread.run(Thread.java:745)
ERROR: Bundle org.apache.karaf.features.management [31] Error starting mvn:org.apache.karaf.features/org.apache.karaf.features.management/2.3.0.redhat-60024 (org.osgi.framework.BundleException: Unresolved constraint in bundle org.apache.karaf.features.management [31]: Unable to resolve 31.0: missing requirement [31.0] osgi.wiring.package; (osgi.wiring.package=javax.management))
org.osgi.framework.BundleException: Unresolved constraint in bundle org.apache.karaf.features.management [31]: Unable to resolve 31.0: missing requirement [31.0] osgi.wiring.package; (osgi.wiring.package=javax.management)
	at org.apache.felix.framework.Felix.resolveBundleRevision(Felix.java:4155)
	at org.apache.felix.framework.Felix.startBundle(Felix.java:2055)
	at org.apache.felix.framework.Felix.setActiveStartLevel(Felix.java:1309)
	at org.apache.felix.framework.FrameworkStartLevelImpl.run(FrameworkStartLevelImpl.java:304)
	at java.lang.Thread.run(Thread.java:745)
ERROR: Bundle org.apache.sshd.core [32] Error starting mvn:org.apache.sshd/sshd-core/0.8.0 (org.osgi.framework.BundleException: Unresolved constraint in bundle org.apache.sshd.core [32]: Unable to resolve 32.0: missing requirement [32.0] osgi.wiring.package; (osgi.wiring.package=javax.crypto))
org.osgi.framework.BundleException: Unresolved constraint in bundle org.apache.sshd.core [32]: Unable to resolve 32.0: missing requirement [32.0] osgi.wiring.package; (osgi.wiring.package=javax.crypto)
	at org.apache.felix.framework.Felix.resolveBundleRevision(Felix.java:4155)
	at org.apache.felix.framework.Felix.startBundle(Felix.java:2055)
	at org.apache.felix.framework.Felix.setActiveStartLevel(Felix.java:1309)
	at org.apache.felix.framework.FrameworkStartLevelImpl.run(FrameworkStartLevelImpl.java:304)
	at java.lang.Thread.run(Thread.java:745)
ERROR: Bundle org.apache.karaf.diagnostic.management [33] Error starting mvn:org.apache.karaf.diagnostic/org.apache.karaf.diagnostic.management/2.3.0.redhat-60024 (org.osgi.framework.BundleException: Unresolved constraint in bundle org.apache.karaf.diagnostic.management [33]: Unable to resolve 33.0: missing requirement [33.0] osgi.wiring.package; (osgi.wiring.package=javax.management))
org.osgi.framework.BundleException: Unresolved constraint in bundle org.apache.karaf.diagnostic.management [33]: Unable to resolve 33.0: missing requirement [33.0] osgi.wiring.package; (osgi.wiring.package=javax.management)
	at org.apache.felix.framework.Felix.resolveBundleRevision(Felix.java:4155)
	at org.apache.felix.framework.Felix.startBundle(Felix.java:2055)
	at org.apache.felix.framework.Felix.setActiveStartLevel(Felix.java:1309)
	at org.apache.felix.framework.FrameworkStartLevelImpl.run(FrameworkStartLevelImpl.java:304)
	at java.lang.Thread.run(Thread.java:745)
ERROR: Bundle org.apache.karaf.diagnostic.command [34] Error starting mvn:org.apache.karaf.diagnostic/org.apache.karaf.diagnostic.command/2.3.0.redhat-60024 (org.osgi.framework.BundleException: Unresolved constraint in bundle org.apache.karaf.diagnostic.command [34]: Unable to resolve 34.0: missing requirement [34.0] osgi.wiring.package; (&(osgi.wiring.package=org.apache.felix.gogo.commands)(version>=0.11.0)(!(version>=1.0.0))) [caused by: Unable to resolve 15.0: missing requirement [15.0] osgi.wiring.package; (osgi.wiring.package=javax.security.auth)])
org.osgi.framework.BundleException: Unresolved constraint in bundle org.apache.karaf.diagnostic.command [34]: Unable to resolve 34.0: missing requirement [34.0] osgi.wiring.package; (&(osgi.wiring.package=org.apache.felix.gogo.commands)(version>=0.11.0)(!(version>=1.0.0))) [caused by: Unable to resolve 15.0: missing requirement [15.0] osgi.wiring.package; (osgi.wiring.package=javax.security.auth)]
	at org.apache.felix.framework.Felix.resolveBundleRevision(Felix.java:4155)
	at org.apache.felix.framework.Felix.startBundle(Felix.java:2055)
	at org.apache.felix.framework.Felix.setActiveStartLevel(Felix.java:1309)
	at org.apache.felix.framework.FrameworkStartLevelImpl.run(FrameworkStartLevelImpl.java:304)
	at java.lang.Thread.run(Thread.java:745)
ERROR: Bundle org.apache.mina.core [35] Error starting mvn:org.apache.mina/mina-core/2.0.7 (org.osgi.framework.BundleException: Unresolved constraint in bundle org.apache.mina.core [35]: Unable to resolve 35.0: missing requirement [35.0] osgi.wiring.package; (osgi.wiring.package=javax.crypto))
org.osgi.framework.BundleException: Unresolved constraint in bundle org.apache.mina.core [35]: Unable to resolve 35.0: missing requirement [35.0] osgi.wiring.package; (osgi.wiring.package=javax.crypto)
	at org.apache.felix.framework.Felix.resolveBundleRevision(Felix.java:4155)
	at org.apache.felix.framework.Felix.startBundle(Felix.java:2055)
	at org.apache.felix.framework.Felix.setActiveStartLevel(Felix.java:1309)
	at org.apache.felix.framework.FrameworkStartLevelImpl.run(FrameworkStartLevelImpl.java:304)
	at java.lang.Thread.run(Thread.java:745)
ERROR: Bundle org.apache.karaf.admin.command [36] Error starting mvn:org.apache.karaf.admin/org.apache.karaf.admin.command/2.3.0.redhat-60024 (org.osgi.framework.BundleException: Unresolved constraint in bundle org.apache.karaf.admin.command [36]: Unable to resolve 36.0: missing requirement [36.0] osgi.wiring.package; (osgi.wiring.package=javax.management))
org.osgi.framework.BundleException: Unresolved constraint in bundle org.apache.karaf.admin.command [36]: Unable to resolve 36.0: missing requirement [36.0] osgi.wiring.package; (osgi.wiring.package=javax.management)
	at org.apache.felix.framework.Felix.resolveBundleRevision(Felix.java:4155)
	at org.apache.felix.framework.Felix.startBundle(Felix.java:2055)
	at org.apache.felix.framework.Felix.setActiveStartLevel(Felix.java:1309)
	at org.apache.felix.framework.FrameworkStartLevelImpl.run(FrameworkStartLevelImpl.java:304)
	at java.lang.Thread.run(Thread.java:745)
ERROR: Bundle org.apache.karaf.features.command [37] Error starting mvn:org.apache.karaf.features/org.apache.karaf.features.command/2.3.0.redhat-60024 (org.osgi.framework.BundleException: Unresolved constraint in bundle org.apache.karaf.features.command [37]: Unable to resolve 37.0: missing requirement [37.0] osgi.wiring.package; (osgi.wiring.package=javax.management))
org.osgi.framework.BundleException: Unresolved constraint in bundle org.apache.karaf.features.command [37]: Unable to resolve 37.0: missing requirement [37.0] osgi.wiring.package; (osgi.wiring.package=javax.management)
	at org.apache.felix.framework.Felix.resolveBundleRevision(Felix.java:4155)
	at org.apache.felix.framework.Felix.startBundle(Felix.java:2055)
	at org.apache.felix.framework.Felix.setActiveStartLevel(Felix.java:1309)
	at org.apache.felix.framework.FrameworkStartLevelImpl.run(FrameworkStartLevelImpl.java:304)
	at java.lang.Thread.run(Thread.java:745)
ERROR: Bundle org.apache.karaf.admin.management [38] Error starting mvn:org.apache.karaf.admin/org.apache.karaf.admin.management/2.3.0.redhat-60024 (org.osgi.framework.BundleException: Unresolved constraint in bundle org.apache.karaf.admin.management [38]: Unable to resolve 38.0: missing requirement [38.0] osgi.wiring.package; (osgi.wiring.package=javax.management))
org.osgi.framework.BundleException: Unresolved constraint in bundle org.apache.karaf.admin.management [38]: Unable to resolve 38.0: missing requirement [38.0] osgi.wiring.package; (osgi.wiring.package=javax.management)
	at org.apache.felix.framework.Felix.resolveBundleRevision(Felix.java:4155)
	at org.apache.felix.framework.Felix.startBundle(Felix.java:2055)
	at org.apache.felix.framework.Felix.setActiveStartLevel(Felix.java:1309)
	at org.apache.felix.framework.FrameworkStartLevelImpl.run(FrameworkStartLevelImpl.java:304)
	at java.lang.Thread.run(Thread.java:745)
ERROR: Bundle org.apache.aries.jmx.core [39] Error starting mvn:org.apache.aries.jmx/org.apache.aries.jmx.core/1.0.1.redhat-60024 (org.osgi.framework.BundleException: Unresolved constraint in bundle org.apache.aries.jmx.core [39]: Unable to resolve 39.0: missing requirement [39.0] osgi.wiring.package; (osgi.wiring.package=javax.management))
org.osgi.framework.BundleException: Unresolved constraint in bundle org.apache.aries.jmx.core [39]: Unable to resolve 39.0: missing requirement [39.0] osgi.wiring.package; (osgi.wiring.package=javax.management)
	at org.apache.felix.framework.Felix.resolveBundleRevision(Felix.java:4155)
	at org.apache.felix.framework.Felix.startBundle(Felix.java:2055)
	at org.apache.felix.framework.Felix.setActiveStartLevel(Felix.java:1309)
	at org.apache.felix.framework.FrameworkStartLevelImpl.run(FrameworkStartLevelImpl.java:304)
	at java.lang.Thread.run(Thread.java:745)
ERROR: Bundle org.apache.aries.jmx.api [40] Error starting mvn:org.apache.aries.jmx/org.apache.aries.jmx.api/1.0.1.redhat-60024 (org.osgi.framework.BundleException: Unresolved constraint in bundle org.apache.aries.jmx.api [40]: Unable to resolve 40.0: missing requirement [40.0] osgi.wiring.package; (osgi.wiring.package=javax.management.openmbean))
org.osgi.framework.BundleException: Unresolved constraint in bundle org.apache.aries.jmx.api [40]: Unable to resolve 40.0: missing requirement [40.0] osgi.wiring.package; (osgi.wiring.package=javax.management.openmbean)
	at org.apache.felix.framework.Felix.resolveBundleRevision(Felix.java:4155)
	at org.apache.felix.framework.Felix.startBundle(Felix.java:2055)
	at org.apache.felix.framework.Felix.setActiveStartLevel(Felix.java:1309)
	at org.apache.felix.framework.FrameworkStartLevelImpl.run(FrameworkStartLevelImpl.java:304)
	at java.lang.Thread.run(Thread.java:745)
ERROR: Bundle org.apache.karaf.shell.dev2 [41] Error starting mvn:org.apache.karaf.shell/org.apache.karaf.shell.dev2/2.3.0.redhat-60024 (org.osgi.framework.BundleException: Unresolved constraint in bundle org.apache.karaf.shell.dev2 [41]: Unable to resolve 41.0: missing requirement [41.0] osgi.wiring.package; (&(osgi.wiring.package=org.apache.felix.gogo.commands)(version>=0.11.0)(!(version>=1.0.0))) [caused by: Unable to resolve 15.0: missing requirement [15.0] osgi.wiring.package; (osgi.wiring.package=javax.security.auth)])
org.osgi.framework.BundleException: Unresolved constraint in bundle org.apache.karaf.shell.dev2 [41]: Unable to resolve 41.0: missing requirement [41.0] osgi.wiring.package; (&(osgi.wiring.package=org.apache.felix.gogo.commands)(version>=0.11.0)(!(version>=1.0.0))) [caused by: Unable to resolve 15.0: missing requirement [15.0] osgi.wiring.package; (osgi.wiring.package=javax.security.auth)]
	at org.apache.felix.framework.Felix.resolveBundleRevision(Felix.java:4155)
	at org.apache.felix.framework.Felix.startBundle(Felix.java:2055)
	at org.apache.felix.framework.Felix.setActiveStartLevel(Felix.java:1309)
	at org.apache.felix.framework.FrameworkStartLevelImpl.run(FrameworkStartLevelImpl.java:304)
	at java.lang.Thread.run(Thread.java:745)
ERROR: Bundle org.apache.aries.jmx.blueprint.core [42] Error starting mvn:org.apache.aries.jmx/org.apache.aries.jmx.blueprint.core/1.0.1.redhat-60024 (org.osgi.framework.BundleException: Unresolved constraint in bundle org.apache.aries.jmx.blueprint.core [42]: Unable to resolve 42.0: missing requirement [42.0] osgi.wiring.package; (osgi.wiring.package=javax.management))
org.osgi.framework.BundleException: Unresolved constraint in bundle org.apache.aries.jmx.blueprint.core [42]: Unable to resolve 42.0: missing requirement [42.0] osgi.wiring.package; (osgi.wiring.package=javax.management)
	at org.apache.felix.framework.Felix.resolveBundleRevision(Felix.java:4155)
	at org.apache.felix.framework.Felix.startBundle(Felix.java:2055)
	at org.apache.felix.framework.Felix.setActiveStartLevel(Felix.java:1309)
	at org.apache.felix.framework.FrameworkStartLevelImpl.run(FrameworkStartLevelImpl.java:304)
	at java.lang.Thread.run(Thread.java:745)
ERROR: Bundle org.apache.aries.jmx.blueprint.api [43] Error starting mvn:org.apache.aries.jmx/org.apache.aries.jmx.blueprint.api/1.0.1.redhat-60024 (org.osgi.framework.BundleException: Unresolved constraint in bundle org.apache.aries.jmx.blueprint.api [43]: Unable to resolve 43.0: missing requirement [43.0] osgi.wiring.package; (osgi.wiring.package=javax.management.openmbean))
org.osgi.framework.BundleException: Unresolved constraint in bundle org.apache.aries.jmx.blueprint.api [43]: Unable to resolve 43.0: missing requirement [43.0] osgi.wiring.package; (osgi.wiring.package=javax.management.openmbean)
	at org.apache.felix.framework.Felix.resolveBundleRevision(Felix.java:4155)
	at org.apache.felix.framework.Felix.startBundle(Felix.java:2055)
	at org.apache.felix.framework.Felix.setActiveStartLevel(Felix.java:1309)
	at org.apache.felix.framework.FrameworkStartLevelImpl.run(FrameworkStartLevelImpl.java:304)
	at java.lang.Thread.run(Thread.java:745)
ERROR: Bundle org.apache.karaf.shell.commands [44] Error starting mvn:org.apache.karaf.shell/org.apache.karaf.shell.commands/2.3.0.redhat-60024 (org.osgi.framework.BundleException: Unresolved constraint in bundle org.apache.karaf.shell.commands [44]: Unable to resolve 44.0: missing requirement [44.0] osgi.wiring.package; (&(osgi.wiring.package=jline)(version>=2.9.0)(!(version>=3.0.0))) [caused by: Unable to resolve 15.0: missing requirement [15.0] osgi.wiring.package; (osgi.wiring.package=javax.security.auth)])
org.osgi.framework.BundleException: Unresolved constraint in bundle org.apache.karaf.shell.commands [44]: Unable to resolve 44.0: missing requirement [44.0] osgi.wiring.package; (&(osgi.wiring.package=jline)(version>=2.9.0)(!(version>=3.0.0))) [caused by: Unable to resolve 15.0: missing requirement [15.0] osgi.wiring.package; (osgi.wiring.package=javax.security.auth)]
	at org.apache.felix.framework.Felix.resolveBundleRevision(Felix.java:4155)
	at org.apache.felix.framework.Felix.startBundle(Felix.java:2055)
	at org.apache.felix.framework.Felix.setActiveStartLevel(Felix.java:1309)
	at org.apache.felix.framework.FrameworkStartLevelImpl.run(FrameworkStartLevelImpl.java:304)
	at java.lang.Thread.run(Thread.java:745)
ERROR: Bundle org.apache.karaf.jaas.command [45] Error starting mvn:org.apache.karaf.jaas/org.apache.karaf.jaas.command/2.3.0.redhat-60024 (org.osgi.framework.BundleException: Unresolved constraint in bundle org.apache.karaf.jaas.command [45]: Unable to resolve 45.0: missing requirement [45.0] osgi.wiring.package; (osgi.wiring.package=javax.management))
org.osgi.framework.BundleException: Unresolved constraint in bundle org.apache.karaf.jaas.command [45]: Unable to resolve 45.0: missing requirement [45.0] osgi.wiring.package; (osgi.wiring.package=javax.management)
	at org.apache.felix.framework.Felix.resolveBundleRevision(Felix.java:4155)
	at org.apache.felix.framework.Felix.startBundle(Felix.java:2055)
	at org.apache.felix.framework.Felix.setActiveStartLevel(Felix.java:1309)
	at org.apache.felix.framework.FrameworkStartLevelImpl.run(FrameworkStartLevelImpl.java:304)
	at java.lang.Thread.run(Thread.java:745)
ERROR: Bundle org.apache.karaf.shell.packages [46] Error starting mvn:org.apache.karaf.shell/org.apache.karaf.shell.packages/2.3.0.redhat-60024 (org.osgi.framework.BundleException: Unresolved constraint in bundle org.apache.karaf.shell.packages [46]: Unable to resolve 46.0: missing requirement [46.0] osgi.wiring.package; (&(osgi.wiring.package=org.apache.felix.gogo.commands)(version>=0.11.0)(!(version>=1.0.0))) [caused by: Unable to resolve 15.0: missing requirement [15.0] osgi.wiring.package; (osgi.wiring.package=javax.security.auth)])
org.osgi.framework.BundleException: Unresolved constraint in bundle org.apache.karaf.shell.packages [46]: Unable to resolve 46.0: missing requirement [46.0] osgi.wiring.package; (&(osgi.wiring.package=org.apache.felix.gogo.commands)(version>=0.11.0)(!(version>=1.0.0))) [caused by: Unable to resolve 15.0: missing requirement [15.0] osgi.wiring.package; (osgi.wiring.package=javax.security.auth)]
	at org.apache.felix.framework.Felix.resolveBundleRevision(Felix.java:4155)
	at org.apache.felix.framework.Felix.startBundle(Felix.java:2055)
	at org.apache.felix.framework.Felix.setActiveStartLevel(Felix.java:1309)
	at org.apache.felix.framework.FrameworkStartLevelImpl.run(FrameworkStartLevelImpl.java:304)
	at java.lang.Thread.run(Thread.java:745)
ERROR: Bundle org.apache.karaf.shell.osgi [47] Error starting mvn:org.apache.karaf.shell/org.apache.karaf.shell.osgi/2.3.0.redhat-60024 (org.osgi.framework.BundleException: Unresolved constraint in bundle org.apache.karaf.shell.osgi [47]: Unable to resolve 47.0: missing requirement [47.0] osgi.wiring.package; (&(osgi.wiring.package=jline)(version>=2.9.0)(!(version>=3.0.0))) [caused by: Unable to resolve 15.0: missing requirement [15.0] osgi.wiring.package; (osgi.wiring.package=javax.security.auth)])
org.osgi.framework.BundleException: Unresolved constraint in bundle org.apache.karaf.shell.osgi [47]: Unable to resolve 47.0: missing requirement [47.0] osgi.wiring.package; (&(osgi.wiring.package=jline)(version>=2.9.0)(!(version>=3.0.0))) [caused by: Unable to resolve 15.0: missing requirement [15.0] osgi.wiring.package; (osgi.wiring.package=javax.security.auth)]
	at org.apache.felix.framework.Felix.resolveBundleRevision(Felix.java:4155)
	at org.apache.felix.framework.Felix.startBundle(Felix.java:2055)
	at org.apache.felix.framework.Felix.setActiveStartLevel(Felix.java:1309)
	at org.apache.felix.framework.FrameworkStartLevelImpl.run(FrameworkStartLevelImpl.java:304)
	at java.lang.Thread.run(Thread.java:745)
  4% [==>                                                                     ]ERROR: Bundle org.apache.servicemix.bundles.jasypt [49] Error starting mvn:org.apache.servicemix.bundles/org.apache.servicemix.bundles.jasypt/1.9.0_1 (org.osgi.framework.BundleException: Unresolved constraint in bundle org.apache.servicemix.bundles.jasypt [49]: Unable to resolve 49.0: missing requirement [49.0] osgi.wiring.package; (osgi.wiring.package=javax.crypto))
org.osgi.framework.BundleException: Unresolved constraint in bundle org.apache.servicemix.bundles.jasypt [49]: Unable to resolve 49.0: missing requirement [49.0] osgi.wiring.package; (osgi.wiring.package=javax.crypto)
	at org.apache.felix.framework.Felix.resolveBundleRevision(Felix.java:4155)
	at org.apache.felix.framework.Felix.startBundle(Felix.java:2055)
	at org.apache.felix.framework.Felix.setActiveStartLevel(Felix.java:1309)
	at org.apache.felix.framework.FrameworkStartLevelImpl.run(FrameworkStartLevelImpl.java:304)
	at java.lang.Thread.run(Thread.java:745)
  6% [====>                                                                   ]  8% [=====>                                                                  ]ERROR: Bundle jackson-mapper-asl [52] Error starting mvn:org.codehaus.jackson/jackson-mapper-asl/1.9.10 (org.osgi.framework.BundleException: Unresolved constraint in bundle jackson-mapper-asl [52]: Unable to resolve 52.0: missing requirement [52.0] osgi.wiring.package; (osgi.wiring.package=javax.xml.datatype))
org.osgi.framework.BundleException: Unresolved constraint in bundle jackson-mapper-asl [52]: Unable to resolve 52.0: missing requirement [52.0] osgi.wiring.package; (osgi.wiring.package=javax.xml.datatype)
	at org.apache.felix.framework.Felix.resolveBundleRevision(Felix.java:4155)
	at org.apache.felix.framework.Felix.startBundle(Felix.java:2055)
	at org.apache.felix.framework.Felix.setActiveStartLevel(Felix.java:1309)
	at org.apache.felix.framework.FrameworkStartLevelImpl.run(FrameworkStartLevelImpl.java:304)
	at java.lang.Thread.run(Thread.java:745)
ERROR: Bundle org.fusesource.fabric.fabric-linkedin-zookeeper [53] Error starting mvn:org.fusesource.fabric/fabric-linkedin-zookeeper/7.2.0.redhat-024 (org.osgi.framework.BundleException: Unresolved constraint in bundle org.fusesource.fabric.fabric-linkedin-zookeeper [53]: Unable to resolve 53.0: missing requirement [53.0] osgi.wiring.package; (osgi.wiring.package=javax.crypto))
org.osgi.framework.BundleException: Unresolved constraint in bundle org.fusesource.fabric.fabric-linkedin-zookeeper [53]: Unable to resolve 53.0: missing requirement [53.0] osgi.wiring.package; (osgi.wiring.package=javax.crypto)
	at org.apache.felix.framework.Felix.resolveBundleRevision(Felix.java:4155)
	at org.apache.felix.framework.Felix.startBundle(Felix.java:2055)
	at org.apache.felix.framework.Felix.setActiveStartLevel(Felix.java:1309)
	at org.apache.felix.framework.FrameworkStartLevelImpl.run(FrameworkStartLevelImpl.java:304)
	at java.lang.Thread.run(Thread.java:745)
  9% [======>                                                                 ]ERROR: Bundle org.fusesource.fabric.fabric-zookeeper [55] Error starting mvn:org.fusesource.fabric/fabric-zookeeper/7.2.0.redhat-024 (org.osgi.framework.BundleException: Unresolved constraint in bundle org.fusesource.fabric.fabric-zookeeper [55]: Unable to resolve 55.0: missing requirement [55.0] osgi.wiring.package; (osgi.wiring.package=javax.management))
org.osgi.framework.BundleException: Unresolved constraint in bundle org.fusesource.fabric.fabric-zookeeper [55]: Unable to resolve 55.0: missing requirement [55.0] osgi.wiring.package; (osgi.wiring.package=javax.management)
	at org.apache.felix.framework.Felix.resolveBundleRevision(Felix.java:4155)
	at org.apache.felix.framework.Felix.startBundle(Felix.java:2055)
	at org.apache.felix.framework.Felix.setActiveStartLevel(Felix.java:1309)
	at org.apache.felix.framework.FrameworkStartLevelImpl.run(FrameworkStartLevelImpl.java:304)
	at java.lang.Thread.run(Thread.java:745)
ERROR: Bundle scala-library [56] Error starting mvn:com.weiglewilczek.scala-lang-osgi/scala-library/2.9.1 (org.osgi.framework.BundleException: Unresolved constraint in bundle scala-library [56]: Unable to resolve 56.0: missing requirement [56.0] osgi.wiring.package; (osgi.wiring.package=javax.xml.parsers))
org.osgi.framework.BundleException: Unresolved constraint in bundle scala-library [56]: Unable to resolve 56.0: missing requirement [56.0] osgi.wiring.package; (osgi.wiring.package=javax.xml.parsers)
	at org.apache.felix.framework.Felix.resolveBundleRevision(Felix.java:4155)
	at org.apache.felix.framework.Felix.startBundle(Felix.java:2055)
	at org.apache.felix.framework.Felix.setActiveStartLevel(Felix.java:1309)
	at org.apache.felix.framework.FrameworkStartLevelImpl.run(FrameworkStartLevelImpl.java:304)
	at java.lang.Thread.run(Thread.java:745)
ERROR: Bundle org.fusesource.fabric.fabric-core [57] Error starting mvn:org.fusesource.fabric/fabric-core/7.2.0.redhat-024 (org.osgi.framework.BundleException: Unresolved constraint in bundle org.fusesource.fabric.fabric-core [57]: Unable to resolve 57.0: missing requirement [57.0] osgi.wiring.package; (osgi.wiring.package=javax.management))
org.osgi.framework.BundleException: Unresolved constraint in bundle org.fusesource.fabric.fabric-core [57]: Unable to resolve 57.0: missing requirement [57.0] osgi.wiring.package; (osgi.wiring.package=javax.management)
	at org.apache.felix.framework.Felix.resolveBundleRevision(Felix.java:4155)
	at org.apache.felix.framework.Felix.startBundle(Felix.java:2055)
	at org.apache.felix.framework.Felix.setActiveStartLevel(Felix.java:1309)
	at org.apache.felix.framework.FrameworkStartLevelImpl.run(FrameworkStartLevelImpl.java:304)
	at java.lang.Thread.run(Thread.java:745)
ERROR: Bundle org.fusesource.insight.insight-log [58] Error starting mvn:org.fusesource.insight/insight-log/7.2.0.redhat-024 (org.osgi.framework.BundleException: Unresolved constraint in bundle org.fusesource.insight.insight-log [58]: Unable to resolve 58.0: missing requirement [58.0] osgi.wiring.package; (osgi.wiring.package=javax.management))
org.osgi.framework.BundleException: Unresolved constraint in bundle org.fusesource.insight.insight-log [58]: Unable to resolve 58.0: missing requirement [58.0] osgi.wiring.package; (osgi.wiring.package=javax.management)
	at org.apache.felix.framework.Felix.resolveBundleRevision(Felix.java:4155)
	at org.apache.felix.framework.Felix.startBundle(Felix.java:2055)
	at org.apache.felix.framework.Felix.setActiveStartLevel(Felix.java:1309)
	at org.apache.felix.framework.FrameworkStartLevelImpl.run(FrameworkStartLevelImpl.java:304)
	at java.lang.Thread.run(Thread.java:745)
ERROR: Bundle org.fusesource.fabric.fabric-boot-commands [59] Error starting mvn:org.fusesource.fabric/fabric-boot-commands/7.2.0.redhat-024 (org.osgi.framework.BundleException: Unresolved constraint in bundle org.fusesource.fabric.fabric-boot-commands [59]: Unable to resolve 59.0: missing requirement [59.0] osgi.wiring.package; (osgi.wiring.package=javax.security.auth))
org.osgi.framework.BundleException: Unresolved constraint in bundle org.fusesource.fabric.fabric-boot-commands [59]: Unable to resolve 59.0: missing requirement [59.0] osgi.wiring.package; (osgi.wiring.package=javax.security.auth)
	at org.apache.felix.framework.Felix.resolveBundleRevision(Felix.java:4155)
	at org.apache.felix.framework.Felix.startBundle(Felix.java:2055)
	at org.apache.felix.framework.Felix.setActiveStartLevel(Felix.java:1309)
	at org.apache.felix.framework.FrameworkStartLevelImpl.run(FrameworkStartLevelImpl.java:304)
	at java.lang.Thread.run(Thread.java:745)
ERROR: Bundle org.apache.servicemix.bundles.jsch [60] Error starting mvn:org.apache.servicemix.bundles/org.apache.servicemix.bundles.jsch/0.1.48_1 (org.osgi.framework.BundleException: Unresolved constraint in bundle org.apache.servicemix.bundles.jsch [60]: Unable to resolve 60.0: missing requirement [60.0] osgi.wiring.package; (osgi.wiring.package=javax.crypto))
org.osgi.framework.BundleException: Unresolved constraint in bundle org.apache.servicemix.bundles.jsch [60]: Unable to resolve 60.0: missing requirement [60.0] osgi.wiring.package; (osgi.wiring.package=javax.crypto)
	at org.apache.felix.framework.Felix.resolveBundleRevision(Felix.java:4155)
	at org.apache.felix.framework.Felix.startBundle(Felix.java:2055)
	at org.apache.felix.framework.Felix.setActiveStartLevel(Felix.java:1309)
	at org.apache.felix.framework.FrameworkStartLevelImpl.run(FrameworkStartLevelImpl.java:304)
	at java.lang.Thread.run(Thread.java:745)
