Jan 11, 2015 10:30:20 AM org.apache.karaf.main.SimpleFileLock lock
INFO: locking
Jan 11, 2015 10:31:09 AM org.apache.karaf.main.SimpleFileLock lock
INFO: locking
Jan 11, 2015 10:31:09 AM org.apache.karaf.main.Main doLock
INFO: Waiting for the lock ...
Jan 11, 2015 10:31:10 AM org.apache.karaf.main.SimpleFileLock lock
INFO: locking
Jan 11, 2015 10:31:11 AM org.apache.karaf.main.SimpleFileLock lock
INFO: locking
Jan 11, 2015 10:31:12 AM org.apache.karaf.main.SimpleFileLock lock
INFO: locking
Jan 11, 2015 10:31:13 AM org.apache.karaf.main.SimpleFileLock lock
INFO: locking
Jan 11, 2015 10:31:14 AM org.apache.karaf.main.SimpleFileLock lock
INFO: locking
Jan 11, 2015 10:31:15 AM org.apache.karaf.main.SimpleFileLock lock
INFO: locking
Jan 11, 2015 10:31:16 AM org.apache.karaf.main.SimpleFileLock lock
INFO: locking
Jan 11, 2015 10:31:17 AM org.apache.karaf.main.SimpleFileLock lock
INFO: locking
Jan 11, 2015 10:31:18 AM org.apache.karaf.main.SimpleFileLock lock
INFO: locking
Jan 11, 2015 10:31:19 AM org.apache.karaf.main.SimpleFileLock lock
INFO: locking
Jan 11, 2015 10:31:20 AM org.apache.karaf.main.SimpleFileLock lock
INFO: locking
Jan 11, 2015 10:31:21 AM org.apache.karaf.main.SimpleFileLock lock
INFO: locking
Jan 11, 2015 10:31:22 AM org.apache.karaf.main.SimpleFileLock lock
INFO: locking
Jan 11, 2015 10:31:28 AM org.apache.karaf.main.Main$ShutdownSocketThread run
INFO: Karaf shutdown socket: received shutdown command. Stopping framework...
Jan 11, 2015 10:31:28 AM org.apache.karaf.main.Main stopKarafActivators
WARNING: Error stopping karaf activator org.apache.servicemix.specs.activator.Activator
java.lang.NullPointerException
	at org.apache.servicemix.specs.activator.Activator.stop(Activator.java:79)
	at org.apache.karaf.main.Main.stopKarafActivators(Main.java:354)
	at org.apache.karaf.main.Main.destroy(Main.java:410)
	at org.apache.karaf.main.Main.main(Main.java:518)

Jan 11, 2015 10:31:28 AM org.apache.karaf.main.SimpleFileLock release
INFO: releasing
